debug 2023/01/27 19:03:51 sup
debug 2023/01/27 19:03:51 sup
debug 2023/01/27 19:03:51 sup
debug 2023/01/27 19:03:51 sup
debug 2023/01/27 19:03:52 sup
debug 2023/01/27 19:03:52 sup
debug 2023/01/27 19:03:52 sup
debug 2023/01/27 19:03:52 sup
debug 2023/01/27 19:03:52 sup
debug 2023/01/27 19:03:52 sup
debug 2023/01/27 19:03:52 sup
debug 2023/01/27 19:03:52 sup
debug 2023/01/27 19:03:52 sup
debug 2023/01/27 19:03:52 sup
debug 2023/01/27 19:03:52 sup
debug 2023/01/27 19:03:52 sup
debug 2023/01/27 19:03:52 sup
debug 2023/01/27 19:03:52 sup
debug 2023/01/27 19:03:53 sup
debug 2023/01/27 19:03:53 sup
debug 2023/01/27 19:03:53 sup
debug 2023/01/27 19:03:53 sup
debug 2023/01/27 19:03:53 sup
debug 2023/01/27 19:03:53 sup
debug 2023/01/27 19:03:53 sup
debug 2023/01/27 19:03:53 sup
debug 2023/01/27 19:03:53 sup
debug 2023/01/27 19:03:53 sup
debug 2023/01/27 19:03:53 sup
debug 2023/01/27 19:03:53 sup
debug 2023/01/27 19:03:53 sup
debug 2023/01/27 19:03:53 sup
debug 2023/01/27 19:03:53 sup
debug 2023/01/27 19:03:53 sup
debug 2023/01/27 19:03:53 sup
debug 2023/01/27 19:03:53 sup
debug 2023/01/27 19:03:53 sup
debug 2023/01/27 19:03:53 sup
debug 2023/01/27 19:03:53 sup
debug 2023/01/27 19:03:53 sup
debug 2023/01/27 19:03:53 sup
debug 2023/01/27 19:03:53 sup
debug 2023/01/27 19:03:54 sup
debug 2023/01/27 19:03:54 sup
debug 2023/01/27 19:03:54 sup
debug 2023/01/27 19:03:54 sup
debug 2023/01/27 19:03:54 sup
debug 2023/01/27 19:03:54 sup
debug 2023/01/27 19:03:54 sup
debug 2023/01/27 19:03:54 sup
debug 2023/01/27 19:03:54 sup
debug 2023/01/27 19:03:54 sup
debug 2023/01/27 19:03:54 sup
debug 2023/01/27 19:03:54 sup
debug 2023/01/27 19:03:54 sup
debug 2023/01/27 19:03:54 sup
debug 2023/01/27 19:03:54 sup
debug 2023/01/27 19:03:54 sup
debug 2023/01/27 19:03:54 sup
debug 2023/01/27 19:03:54 sup
debug 2023/01/27 19:03:54 sup
debug 2023/01/27 19:03:54 sup
debug 2023/01/27 19:03:54 sup
debug 2023/01/27 19:03:54 sup
debug 2023/01/27 19:03:54 sup
debug 2023/01/27 19:03:54 sup
debug 2023/01/27 19:03:54 sup
debug 2023/01/27 19:03:54 sup
debug 2023/01/27 19:03:54 sup
debug 2023/01/27 19:03:54 sup
debug 2023/01/27 19:03:54 sup
debug 2023/01/27 19:03:54 sup
debug 2023/01/27 19:03:54 sup
debug 2023/01/27 19:03:54 sup
debug 2023/01/27 19:03:54 sup
debug 2023/01/27 19:03:54 sup
debug 2023/01/27 19:03:55 sup
debug 2023/01/27 19:03:55 sup
debug 2023/01/27 19:03:55 sup
debug 2023/01/27 19:03:55 sup
debug 2023/01/27 19:03:55 sup
debug 2023/01/27 19:03:55 sup
debug 2023/01/27 19:03:55 sup
debug 2023/01/27 19:03:55 sup
debug 2023/01/27 19:03:55 sup
debug 2023/01/27 19:03:55 sup
debug 2023/01/27 19:03:55 sup
debug 2023/01/27 19:03:55 sup
debug 2023/01/27 19:03:55 sup
debug 2023/01/27 19:03:55 sup
debug 2023/01/27 19:03:55 sup
debug 2023/01/27 19:03:55 sup
debug 2023/01/27 19:03:55 sup
debug 2023/01/27 19:03:55 sup
debug 2023/01/27 19:03:55 sup
debug 2023/01/27 19:03:55 sup
debug 2023/01/27 19:03:55 sup
debug 2023/01/27 19:03:55 sup
debug 2023/01/27 19:03:55 sup
debug 2023/01/27 19:03:55 sup
debug 2023/01/27 19:03:55 sup
debug 2023/01/27 19:03:55 sup
debug 2023/01/27 19:03:55 sup
debug 2023/01/27 19:03:55 sup
debug 2023/01/27 19:03:55 sup
debug 2023/01/27 19:03:55 sup
debug 2023/01/27 19:03:55 sup
debug 2023/01/27 19:03:55 sup
debug 2023/01/27 19:03:55 sup
debug 2023/01/27 19:03:55 sup
debug 2023/01/27 19:03:55 sup
debug 2023/01/27 19:03:55 sup
debug 2023/01/27 19:03:55 sup
debug 2023/01/27 19:03:55 sup
debug 2023/01/27 19:03:55 sup
debug 2023/01/27 19:03:55 sup
debug 2023/01/27 19:03:55 sup
debug 2023/01/27 19:03:55 sup
debug 2023/01/27 19:03:55 sup
debug 2023/01/27 19:03:55 sup
debug 2023/01/27 19:03:56 sup
debug 2023/01/27 19:03:56 sup
debug 2023/01/27 19:03:56 sup
debug 2023/01/27 19:03:56 sup
debug 2023/01/27 19:03:56 sup
debug 2023/01/27 19:03:56 sup
debug 2023/01/27 19:03:56 sup
debug 2023/01/27 19:03:56 sup
debug 2023/01/27 19:03:56 sup
debug 2023/01/27 19:03:56 sup
debug 2023/01/27 19:03:56 sup
debug 2023/01/27 19:03:56 sup
debug 2023/01/27 19:03:56 sup
debug 2023/01/27 19:03:56 sup
debug 2023/01/27 19:03:56 sup
debug 2023/01/27 19:03:56 sup
debug 2023/01/27 19:03:56 sup
debug 2023/01/27 19:03:56 sup
debug 2023/01/27 19:03:56 sup
debug 2023/01/27 19:03:56 sup
debug 2023/01/27 19:03:56 sup
debug 2023/01/27 19:03:56 sup
debug 2023/01/27 19:03:56 sup
debug 2023/01/27 19:03:56 sup
debug 2023/01/27 19:03:56 sup
debug 2023/01/27 19:03:56 sup
debug 2023/01/27 19:03:56 sup
debug 2023/01/27 19:03:56 sup
debug 2023/01/27 19:03:56 sup
debug 2023/01/27 19:03:56 sup
debug 2023/01/27 19:03:56 sup
debug 2023/01/27 19:03:56 sup
debug 2023/01/27 19:03:56 sup
debug 2023/01/27 19:03:56 sup
debug 2023/01/27 19:03:56 sup
debug 2023/01/27 19:03:56 sup
debug 2023/01/27 19:03:56 sup
debug 2023/01/27 19:03:56 sup
debug 2023/01/27 19:03:56 sup
debug 2023/01/27 19:03:56 sup
debug 2023/01/27 19:03:56 sup
debug 2023/01/27 19:03:56 sup
debug 2023/01/27 19:03:56 sup
debug 2023/01/27 19:03:56 sup
debug 2023/01/27 19:03:56 sup
debug 2023/01/27 19:03:56 sup
debug 2023/01/27 19:03:56 sup
debug 2023/01/27 19:03:56 sup
debug 2023/01/27 19:03:56 sup
debug 2023/01/27 19:03:56 sup
debug 2023/01/27 19:03:56 sup
debug 2023/01/27 19:03:56 sup
debug 2023/01/27 19:03:56 sup
debug 2023/01/27 19:03:56 sup
debug 2023/01/27 19:03:57 sup
debug 2023/01/27 19:03:57 sup
debug 2023/01/27 19:03:57 sup
debug 2023/01/27 19:03:57 sup
debug 2023/01/27 19:03:57 sup
debug 2023/01/27 19:03:57 sup
debug 2023/01/27 19:03:57 sup
debug 2023/01/27 19:03:57 sup
debug 2023/01/27 19:03:57 sup
debug 2023/01/27 19:03:57 sup
debug 2023/01/27 19:03:57 sup
debug 2023/01/27 19:03:57 sup
debug 2023/01/27 19:03:57 sup
debug 2023/01/27 19:03:57 sup
debug 2023/01/27 19:03:57 sup
debug 2023/01/27 19:03:57 sup
debug 2023/01/27 19:03:57 sup
debug 2023/01/27 19:03:57 sup
debug 2023/01/27 19:03:57 sup
debug 2023/01/27 19:03:57 sup
debug 2023/01/27 19:03:57 sup
debug 2023/01/27 19:03:57 sup
debug 2023/01/27 19:03:57 sup
debug 2023/01/27 19:03:57 sup
debug 2023/01/27 19:03:57 sup
debug 2023/01/27 19:03:57 sup
debug 2023/01/27 19:03:57 sup
debug 2023/01/27 19:03:57 sup
debug 2023/01/27 19:03:57 sup
debug 2023/01/27 19:03:57 sup
debug 2023/01/27 19:03:57 sup
debug 2023/01/27 19:03:57 sup
debug 2023/01/27 19:03:57 sup
debug 2023/01/27 19:03:57 sup
debug 2023/01/27 19:03:57 sup
debug 2023/01/27 19:03:57 sup
debug 2023/01/27 19:03:57 sup
debug 2023/01/27 19:03:57 sup
debug 2023/01/27 19:03:57 sup
debug 2023/01/27 19:03:57 sup
debug 2023/01/27 19:03:57 sup
debug 2023/01/27 19:03:57 sup
debug 2023/01/27 19:03:57 sup
debug 2023/01/27 19:03:57 sup
debug 2023/01/27 19:03:57 sup
debug 2023/01/27 19:03:57 sup
debug 2023/01/27 19:03:57 sup
debug 2023/01/27 19:03:57 sup
debug 2023/01/27 19:03:57 sup
debug 2023/01/27 19:03:57 sup
debug 2023/01/27 19:03:57 sup
debug 2023/01/27 19:03:57 sup
debug 2023/01/27 19:03:57 sup
debug 2023/01/27 19:03:57 sup
debug 2023/01/27 19:03:57 sup
debug 2023/01/27 19:03:57 sup
debug 2023/01/27 19:03:57 sup
debug 2023/01/27 19:03:57 sup
debug 2023/01/27 19:03:57 sup
debug 2023/01/27 19:03:57 sup
debug 2023/01/27 19:03:57 sup
debug 2023/01/27 19:03:57 sup
debug 2023/01/27 19:03:57 sup
debug 2023/01/27 19:03:57 sup
debug 2023/01/27 19:03:58 sup
debug 2023/01/27 19:03:58 sup
debug 2023/01/27 19:03:58 sup
debug 2023/01/27 19:03:58 sup
debug 2023/01/27 19:03:58 sup
debug 2023/01/27 19:03:58 sup
debug 2023/01/27 19:03:58 sup
debug 2023/01/27 19:03:58 sup
debug 2023/01/27 19:03:58 sup
debug 2023/01/27 19:03:58 sup
debug 2023/01/27 19:03:58 sup
debug 2023/01/27 19:03:58 sup
debug 2023/01/27 19:03:58 sup
debug 2023/01/27 19:03:58 sup
debug 2023/01/27 19:03:58 sup
debug 2023/01/27 19:03:58 sup
debug 2023/01/27 19:03:58 sup
debug 2023/01/27 19:03:58 sup
debug 2023/01/27 19:03:58 sup
debug 2023/01/27 19:03:58 sup
debug 2023/01/27 19:03:58 sup
debug 2023/01/27 19:03:58 sup
debug 2023/01/27 19:03:58 sup
debug 2023/01/27 19:03:58 sup
debug 2023/01/27 19:03:58 sup
debug 2023/01/27 19:03:58 sup
debug 2023/01/27 19:03:58 sup
debug 2023/01/27 19:03:58 sup
debug 2023/01/27 19:03:58 sup
debug 2023/01/27 19:03:58 sup
debug 2023/01/27 19:03:58 sup
debug 2023/01/27 19:03:58 sup
debug 2023/01/27 19:03:58 sup
debug 2023/01/27 19:03:58 sup
debug 2023/01/27 19:03:58 sup
debug 2023/01/27 19:03:58 sup
debug 2023/01/27 19:03:58 sup
debug 2023/01/27 19:03:58 sup
debug 2023/01/27 19:03:58 sup
debug 2023/01/27 19:03:58 sup
debug 2023/01/27 19:03:58 sup
debug 2023/01/27 19:03:58 sup
debug 2023/01/27 19:03:58 sup
debug 2023/01/27 19:03:58 sup
debug 2023/01/27 19:03:58 sup
debug 2023/01/27 19:03:58 sup
debug 2023/01/27 19:03:58 sup
debug 2023/01/27 19:03:58 sup
debug 2023/01/27 19:03:58 sup
debug 2023/01/27 19:03:58 sup
debug 2023/01/27 19:03:58 sup
debug 2023/01/27 19:03:58 sup
debug 2023/01/27 19:03:58 sup
debug 2023/01/27 19:03:58 sup
debug 2023/01/27 19:03:58 sup
debug 2023/01/27 19:03:58 sup
debug 2023/01/27 19:03:58 sup
debug 2023/01/27 19:03:58 sup
debug 2023/01/27 19:03:58 sup
debug 2023/01/27 19:03:58 sup
debug 2023/01/27 19:03:58 sup
debug 2023/01/27 19:03:58 sup
debug 2023/01/27 19:03:58 sup
debug 2023/01/27 19:03:58 sup
debug 2023/01/27 19:03:58 sup
debug 2023/01/27 19:03:58 sup
debug 2023/01/27 19:03:58 sup
debug 2023/01/27 19:03:58 sup
debug 2023/01/27 19:03:58 sup
debug 2023/01/27 19:03:58 sup
debug 2023/01/27 19:03:58 sup
debug 2023/01/27 19:03:58 sup
debug 2023/01/27 19:03:58 sup
debug 2023/01/27 19:03:58 sup
debug 2023/01/27 19:03:59 sup
debug 2023/01/27 19:03:59 sup
debug 2023/01/27 19:03:59 sup
debug 2023/01/27 19:03:59 sup
debug 2023/01/27 19:03:59 sup
debug 2023/01/27 19:03:59 sup
debug 2023/01/27 19:03:59 sup
debug 2023/01/27 19:03:59 sup
debug 2023/01/27 19:03:59 sup
debug 2023/01/27 19:03:59 sup
debug 2023/01/27 19:03:59 sup
debug 2023/01/27 19:03:59 sup
debug 2023/01/27 19:03:59 sup
debug 2023/01/27 19:03:59 sup
debug 2023/01/27 19:03:59 sup
debug 2023/01/27 19:03:59 sup
debug 2023/01/27 19:03:59 sup
debug 2023/01/27 19:03:59 sup
debug 2023/01/27 19:03:59 sup
debug 2023/01/27 19:03:59 sup
debug 2023/01/27 19:03:59 sup
debug 2023/01/27 19:03:59 sup
debug 2023/01/27 19:03:59 sup
debug 2023/01/27 19:03:59 sup
debug 2023/01/27 19:03:59 sup
debug 2023/01/27 19:03:59 sup
debug 2023/01/27 19:03:59 sup
debug 2023/01/27 19:03:59 sup
debug 2023/01/27 19:03:59 sup
debug 2023/01/27 19:03:59 sup
debug 2023/01/27 19:03:59 sup
debug 2023/01/27 19:03:59 sup
debug 2023/01/27 19:03:59 sup
debug 2023/01/27 19:03:59 sup
debug 2023/01/27 19:03:59 sup
debug 2023/01/27 19:03:59 sup
debug 2023/01/27 19:03:59 sup
debug 2023/01/27 19:03:59 sup
debug 2023/01/27 19:03:59 sup
debug 2023/01/27 19:03:59 sup
debug 2023/01/27 19:03:59 sup
debug 2023/01/27 19:03:59 sup
debug 2023/01/27 19:03:59 sup
debug 2023/01/27 19:03:59 sup
debug 2023/01/27 19:03:59 sup
debug 2023/01/27 19:03:59 sup
debug 2023/01/27 19:03:59 sup
debug 2023/01/27 19:03:59 sup
debug 2023/01/27 19:03:59 sup
debug 2023/01/27 19:03:59 sup
debug 2023/01/27 19:03:59 sup
debug 2023/01/27 19:03:59 sup
debug 2023/01/27 19:03:59 sup
debug 2023/01/27 19:03:59 sup
debug 2023/01/27 19:03:59 sup
debug 2023/01/27 19:03:59 sup
debug 2023/01/27 19:03:59 sup
debug 2023/01/27 19:03:59 sup
debug 2023/01/27 19:03:59 sup
debug 2023/01/27 19:03:59 sup
debug 2023/01/27 19:03:59 sup
debug 2023/01/27 19:03:59 sup
debug 2023/01/27 19:03:59 sup
debug 2023/01/27 19:03:59 sup
debug 2023/01/27 19:03:59 sup
debug 2023/01/27 19:03:59 sup
debug 2023/01/27 19:03:59 sup
debug 2023/01/27 19:03:59 sup
debug 2023/01/27 19:03:59 sup
debug 2023/01/27 19:03:59 sup
debug 2023/01/27 19:03:59 sup
debug 2023/01/27 19:03:59 sup
debug 2023/01/27 19:03:59 sup
debug 2023/01/27 19:03:59 sup
debug 2023/01/27 19:03:59 sup
debug 2023/01/27 19:03:59 sup
debug 2023/01/27 19:03:59 sup
debug 2023/01/27 19:03:59 sup
debug 2023/01/27 19:03:59 sup
debug 2023/01/27 19:03:59 sup
debug 2023/01/27 19:03:59 sup
debug 2023/01/27 19:03:59 sup
debug 2023/01/27 19:03:59 sup
debug 2023/01/27 19:03:59 sup
debug 2023/01/27 19:04:00 sup
debug 2023/01/27 19:04:00 sup
debug 2023/01/27 19:04:00 sup
debug 2023/01/27 19:04:00 sup
debug 2023/01/27 19:04:00 sup
debug 2023/01/27 19:04:00 sup
debug 2023/01/27 19:04:00 sup
debug 2023/01/27 19:04:00 sup
debug 2023/01/27 19:04:00 sup
debug 2023/01/27 19:04:00 sup
debug 2023/01/27 19:04:00 sup
debug 2023/01/27 19:04:00 sup
debug 2023/01/27 19:04:00 sup
debug 2023/01/27 19:04:00 sup
debug 2023/01/27 19:04:00 sup
debug 2023/01/27 19:04:00 sup
debug 2023/01/27 19:04:00 sup
debug 2023/01/27 19:04:00 sup
debug 2023/01/27 19:04:00 sup
debug 2023/01/27 19:04:00 sup
debug 2023/01/27 19:04:00 sup
debug 2023/01/27 19:04:00 sup
debug 2023/01/27 19:04:00 sup
debug 2023/01/27 19:04:00 sup
debug 2023/01/27 19:04:00 sup
debug 2023/01/27 19:04:00 sup
debug 2023/01/27 19:04:00 sup
debug 2023/01/27 19:04:00 sup
debug 2023/01/27 19:04:00 sup
debug 2023/01/27 19:04:00 sup
debug 2023/01/27 19:04:00 sup
debug 2023/01/27 19:04:00 sup
debug 2023/01/27 19:04:00 sup
debug 2023/01/27 19:04:00 sup
debug 2023/01/27 19:04:00 sup
debug 2023/01/27 19:04:00 sup
debug 2023/01/27 19:04:00 sup
debug 2023/01/27 19:04:00 sup
debug 2023/01/27 19:04:00 sup
debug 2023/01/27 19:04:00 sup
debug 2023/01/27 19:04:00 sup
debug 2023/01/27 19:04:00 sup
debug 2023/01/27 19:04:00 sup
debug 2023/01/27 19:04:00 sup
debug 2023/01/27 19:04:00 sup
debug 2023/01/27 19:04:00 sup
debug 2023/01/27 19:04:00 sup
debug 2023/01/27 19:04:00 sup
debug 2023/01/27 19:04:00 sup
debug 2023/01/27 19:04:00 sup
debug 2023/01/27 19:04:00 sup
debug 2023/01/27 19:04:00 sup
debug 2023/01/27 19:04:00 sup
debug 2023/01/27 19:04:00 sup
debug 2023/01/27 19:04:00 sup
debug 2023/01/27 19:04:00 sup
debug 2023/01/27 19:04:00 sup
debug 2023/01/27 19:04:00 sup
debug 2023/01/27 19:04:00 sup
debug 2023/01/27 19:04:00 sup
debug 2023/01/27 19:04:00 sup
debug 2023/01/27 19:04:00 sup
debug 2023/01/27 19:04:00 sup
debug 2023/01/27 19:04:00 sup
debug 2023/01/27 19:04:00 sup
debug 2023/01/27 19:04:00 sup
debug 2023/01/27 19:04:00 sup
debug 2023/01/27 19:04:00 sup
debug 2023/01/27 19:04:00 sup
debug 2023/01/27 19:04:00 sup
debug 2023/01/27 19:04:00 sup
debug 2023/01/27 19:04:00 sup
debug 2023/01/27 19:04:00 sup
debug 2023/01/27 19:04:00 sup
debug 2023/01/27 19:04:00 sup
debug 2023/01/27 19:04:00 sup
debug 2023/01/27 19:04:00 sup
debug 2023/01/27 19:04:00 sup
debug 2023/01/27 19:04:00 sup
debug 2023/01/27 19:04:00 sup
debug 2023/01/27 19:04:00 sup
debug 2023/01/27 19:04:00 sup
debug 2023/01/27 19:04:00 sup
debug 2023/01/27 19:04:00 sup
debug 2023/01/27 19:04:00 sup
debug 2023/01/27 19:04:00 sup
debug 2023/01/27 19:04:00 sup
debug 2023/01/27 19:04:00 sup
debug 2023/01/27 19:04:00 sup
debug 2023/01/27 19:04:00 sup
debug 2023/01/27 19:04:00 sup
debug 2023/01/27 19:04:00 sup
debug 2023/01/27 19:04:00 sup
debug 2023/01/27 19:04:00 sup
debug 2023/01/27 19:04:01 sup
debug 2023/01/27 19:04:01 sup
debug 2023/01/27 19:04:01 sup
debug 2023/01/27 19:04:01 sup
debug 2023/01/27 19:17:58 sup
debug 2023/01/27 19:17:58 sup
debug 2023/01/27 19:17:58 sup
debug 2023/01/27 19:17:58 sup
debug 2023/01/27 19:17:58 sup
debug 2023/01/27 19:17:58 sup
debug 2023/01/27 19:17:58 sup
debug 2023/01/27 19:17:58 sup
debug 2023/01/27 19:17:58 sup
debug 2023/01/27 19:17:58 sup
debug 2023/01/27 19:17:59 sup
debug 2023/01/27 19:17:59 sup
debug 2023/01/27 19:17:59 sup
debug 2023/01/27 19:17:59 sup
debug 2023/01/27 19:17:59 sup
debug 2023/01/27 19:17:59 sup
debug 2023/01/27 19:17:59 sup
debug 2023/01/27 19:17:59 sup
debug 2023/01/27 19:17:59 sup
debug 2023/01/27 19:17:59 sup
debug 2023/01/27 19:18:00 sup
debug 2023/01/27 19:18:00 sup
debug 2023/01/27 19:18:00 sup
debug 2023/01/27 19:18:00 sup
debug 2023/01/27 19:18:00 sup
debug 2023/01/27 19:18:00 sup
debug 2023/01/27 19:18:00 sup
debug 2023/01/27 19:18:00 sup
debug 2023/01/27 19:18:00 sup
debug 2023/01/27 19:18:00 sup
debug 2023/01/27 19:18:01 sup
debug 2023/01/27 19:18:01 sup
debug 2023/01/27 19:18:01 sup
debug 2023/01/27 19:18:01 sup
debug 2023/01/27 19:18:01 sup
debug 2023/01/27 19:18:01 sup
debug 2023/01/27 19:18:01 sup
debug 2023/01/27 19:18:01 sup
debug 2023/01/27 19:18:01 sup
debug 2023/01/27 19:18:01 sup
debug 2023/01/27 19:18:02 sup
debug 2023/01/27 19:18:02 sup
debug 2023/01/27 19:18:02 sup
debug 2023/01/27 19:18:02 sup
debug 2023/01/27 19:18:02 sup
debug 2023/01/27 19:18:02 sup
debug 2023/01/27 19:18:02 sup
debug 2023/01/27 19:18:02 sup
debug 2023/01/27 19:18:02 sup
debug 2023/01/27 19:18:02 sup
debug 2023/01/27 19:18:03 sup
debug 2023/01/27 19:18:03 sup
debug 2023/01/27 19:18:03 sup
debug 2023/01/27 19:18:03 sup
debug 2023/01/27 19:18:03 sup
debug 2023/01/27 19:18:03 sup
debug 2023/01/27 19:18:03 sup
debug 2023/01/27 19:18:03 sup
debug 2023/01/27 19:18:03 sup
debug 2023/01/27 19:18:03 sup
debug 2023/01/27 19:18:04 sup
debug 2023/01/27 19:18:04 sup
debug 2023/01/27 19:18:04 sup
debug 2023/01/27 19:18:04 sup
debug 2023/01/27 19:18:04 sup
debug 2023/01/27 19:18:04 sup
debug 2023/01/27 19:18:04 sup
debug 2023/01/27 19:18:04 sup
debug 2023/01/27 19:18:04 sup
debug 2023/01/27 19:18:04 sup
debug 2023/01/27 19:18:05 sup
debug 2023/01/27 19:18:05 sup
debug 2023/01/27 19:18:05 sup
debug 2023/01/27 19:18:05 sup
debug 2023/01/27 19:18:05 sup
debug 2023/01/27 19:18:05 sup
debug 2023/01/27 19:18:05 sup
debug 2023/01/27 19:18:05 sup
debug 2023/01/27 19:18:05 sup
debug 2023/01/27 19:18:05 sup
debug 2023/01/27 19:18:06 sup
debug 2023/01/27 19:18:06 sup
debug 2023/01/27 19:18:06 sup
debug 2023/01/27 19:18:06 sup
debug 2023/01/27 19:18:06 sup
debug 2023/01/27 19:18:06 sup
debug 2023/01/27 19:23:34 sup
debug 2023/01/27 19:23:35 sup
debug 2023/01/27 19:23:36 sup
debug 2023/01/27 19:23:37 sup
debug 2023/01/27 19:23:38 sup
debug 2023/01/27 19:23:39 sup
debug 2023/01/27 19:23:40 sup
debug 2023/01/27 19:23:41 sup
debug 2023/01/27 19:23:42 sup
debug 2023/01/27 19:23:43 sup
debug 2023/01/27 19:23:44 sup
debug 2023/01/27 19:23:45 sup
debug 2023/01/27 19:23:46 sup
debug 2023/01/27 19:23:59 sup
debug 2023/01/27 19:24:00 sup
debug 2023/01/27 19:24:01 sup
debug 2023/01/27 19:24:02 sup
debug 2023/01/27 19:24:03 sup
debug 2023/01/27 19:24:04 sup
debug 2023/01/27 19:24:05 sup
debug 2023/01/27 19:24:06 sup
debug 2023/01/27 19:24:07 sup
debug 2023/01/27 19:24:08 sup
debug 2023/01/27 23:51:03 10
debug 2023/01/27 23:51:03 10
debug 2023/01/27 23:51:03 10
debug 2023/01/27 23:51:03 10
debug 2023/01/27 23:51:03 10
debug 2023/01/27 23:51:04 10
debug 2023/01/27 23:51:04 10
debug 2023/01/27 23:51:04 10
debug 2023/01/27 23:51:04 10
debug 2023/01/27 23:51:04 10
debug 2023/01/27 23:51:04 10
debug 2023/01/27 23:51:04 10
debug 2023/01/27 23:51:04 10
debug 2023/01/27 23:51:04 10
debug 2023/01/27 23:51:04 10
debug 2023/01/27 23:51:04 10
debug 2023/01/27 23:51:04 10
debug 2023/01/27 23:51:04 10
debug 2023/01/27 23:51:04 10
debug 2023/01/27 23:51:04 10
debug 2023/01/27 23:51:05 10
debug 2023/01/27 23:51:05 10
debug 2023/01/27 23:51:05 10
debug 2023/01/27 23:51:05 10
debug 2023/01/27 23:51:05 10
debug 2023/01/27 23:51:05 10
debug 2023/01/27 23:51:05 10
debug 2023/01/27 23:51:05 10
debug 2023/01/27 23:51:05 10
debug 2023/01/27 23:51:05 10
debug 2023/01/27 23:51:05 10
debug 2023/01/27 23:51:05 10
debug 2023/01/27 23:51:05 10
debug 2023/01/27 23:51:05 10
debug 2023/01/27 23:51:05 10
debug 2023/01/27 23:51:05 10
debug 2023/01/27 23:51:05 10
debug 2023/01/27 23:51:05 10
debug 2023/01/27 23:51:05 10
debug 2023/01/27 23:51:05 10
debug 2023/01/27 23:51:05 10
debug 2023/01/27 23:51:05 10
debug 2023/01/27 23:51:05 10
debug 2023/01/27 23:51:05 10
debug 2023/01/27 23:51:05 10
debug 2023/01/27 23:51:06 10
debug 2023/01/27 23:51:06 10
debug 2023/01/27 23:51:06 10
debug 2023/01/27 23:51:06 10
debug 2023/01/27 23:51:06 10
debug 2023/01/27 23:51:06 10
debug 2023/01/27 23:51:06 10
debug 2023/01/27 23:51:06 10
debug 2023/01/27 23:51:06 10
debug 2023/01/27 23:51:06 10
debug 2023/01/27 23:51:06 10
debug 2023/01/27 23:51:06 10
debug 2023/01/27 23:51:06 10
debug 2023/01/27 23:51:06 10
debug 2023/01/27 23:51:06 10
debug 2023/01/27 23:51:06 10
debug 2023/01/27 23:51:06 10
debug 2023/01/27 23:51:06 10
debug 2023/01/27 23:51:06 10
debug 2023/01/27 23:51:06 10
debug 2023/01/27 23:51:06 10
debug 2023/01/27 23:51:06 10
debug 2023/01/27 23:51:06 10
debug 2023/01/27 23:51:06 10
debug 2023/01/27 23:51:06 10
debug 2023/01/27 23:51:06 10
debug 2023/01/27 23:51:06 10
debug 2023/01/27 23:51:06 10
debug 2023/01/27 23:51:06 10
debug 2023/01/27 23:51:06 10
debug 2023/01/27 23:51:06 10
debug 2023/01/27 23:51:06 10
debug 2023/01/27 23:51:06 10
debug 2023/01/27 23:51:06 10
debug 2023/01/27 23:51:06 10
debug 2023/01/27 23:51:07 10
debug 2023/01/27 23:51:07 10
debug 2023/01/27 23:51:07 10
debug 2023/01/27 23:51:07 10
debug 2023/01/27 23:51:07 10
debug 2023/01/27 23:51:07 10
debug 2023/01/27 23:51:07 10
debug 2023/01/27 23:51:07 10
debug 2023/01/27 23:51:07 10
debug 2023/01/27 23:51:07 10
debug 2023/01/27 23:51:07 10
debug 2023/01/27 23:51:07 10
debug 2023/01/27 23:51:07 10
debug 2023/01/27 23:51:07 10
debug 2023/01/27 23:51:07 10
debug 2023/01/27 23:51:07 10
debug 2023/01/27 23:51:07 10
debug 2023/01/27 23:51:07 10
debug 2023/01/27 23:51:07 10
debug 2023/01/27 23:51:07 10
debug 2023/01/27 23:51:07 10
debug 2023/01/27 23:51:07 10
debug 2023/01/27 23:51:07 10
debug 2023/01/27 23:51:07 10
debug 2023/01/27 23:51:07 10
debug 2023/01/27 23:51:07 10
debug 2023/01/27 23:51:07 10
debug 2023/01/27 23:51:07 10
debug 2023/01/27 23:51:07 10
debug 2023/01/27 23:51:07 10
debug 2023/01/27 23:51:21 10
debug 2023/01/27 23:51:21 10
debug 2023/01/27 23:51:21 10
debug 2023/01/27 23:51:21 10
debug 2023/01/27 23:51:21 10
debug 2023/01/27 23:51:22 10
debug 2023/01/27 23:51:22 10
debug 2023/01/27 23:51:22 10
debug 2023/01/28 00:43:38 fetched:  {
  "userId": 1,
  "id": 1,
  "title": "delectus aut autem",
  "completed": false
}
